<?xml version="1.0" encoding="UTF-8"?>
<!-- Generated by org.testng.reporters.JUnitXMLReporter -->
<testsuite hostname="Loveleen-PC" ignored="1" name="Default test" tests="6" failures="0" timestamp="20 Jun 2020 14:13:33 GMT" time="84.377" errors="0">
  <testcase name="verifyLoginPageTitleTest" time="0.055" classname="com.qa.hubspot.tests.LoginPageTest"/>
  <testcase name="checkSignUplinkdisplayTest" time="0.269" classname="com.qa.hubspot.tests.LoginPageTest"/>
  <testcase name="checkshowpassworddisplayTest" time="0.977" classname="com.qa.hubspot.tests.LoginPageTest"/>
  <testcase name="checkforgetlinkdisplayTest" time="0.283" classname="com.qa.hubspot.tests.LoginPageTest"/>
  <testcase name="checkremembertextdisplayTest" time="0.136" classname="com.qa.hubspot.tests.LoginPageTest"/>
  <testcase name="loginTest" time="26.484" classname="com.qa.hubspot.tests.LoginPageTest"/>
  <testcase name="clickRemembermecheckBox" time="0.0" classname="com.qa.hubspot.tests.LoginPageTest">
    <ignored/>
  </testcase> <!-- clickRemembermecheckBox -->
</testsuite> <!-- Default test -->
