<?xml version="1.0" encoding="UTF-8"?>
<!-- Generated by org.testng.reporters.JUnitXMLReporter -->
<testsuite hostname="Loveleen-PC" ignored="1" name="Default test" tests="6" failures="0" timestamp="03 May 2020 17:50:54 GMT" time="41.973" errors="0">
  <testcase name="verifyLoginPageTitleTest" time="0.084" classname="com.qa.hubspot.tests.LoginPageTest"/>
  <testcase name="checkSignUplinkdisplayTest" time="0.37" classname="com.qa.hubspot.tests.LoginPageTest"/>
  <testcase name="checkshowpassworddisplayTest" time="0.162" classname="com.qa.hubspot.tests.LoginPageTest"/>
  <testcase name="checkforgetlinkdisplayTest" time="0.1" classname="com.qa.hubspot.tests.LoginPageTest"/>
  <testcase name="checkremembertextdisplayTest" time="0.095" classname="com.qa.hubspot.tests.LoginPageTest"/>
  <testcase name="loginTest" time="22.938" classname="com.qa.hubspot.tests.LoginPageTest"/>
  <testcase name="clickRemembermecheckBox" time="0.0" classname="com.qa.hubspot.tests.LoginPageTest">
    <ignored/>
  </testcase> <!-- clickRemembermecheckBox -->
</testsuite> <!-- Default test -->
