<?xml version="1.0" encoding="UTF-8"?>
<!-- Generated by org.testng.reporters.JUnitXMLReporter -->
<testsuite hostname="Loveleen-PC" ignored="2" name="Test" tests="1" failures="0" timestamp="12 May 2020 15:36:17 GMT" time="177.25" errors="0">
  <testcase name="verifyCreateContact" time="35.639" classname="com.qa.hubspot.tests.ContactPageTest"/>
  <testcase name="clickRemembermecheckBox" time="0.0" classname="com.qa.hubspot.tests.LoginPageTest">
    <ignored/>
  </testcase> <!-- clickRemembermecheckBox -->
  <testcase name="verfiyTopMenuText" time="0.0" classname="com.qa.hubspot.tests.HomePageTest">
    <ignored/>
  </testcase> <!-- verfiyTopMenuText -->
</testsuite> <!-- Test -->
