<?xml version="1.0" encoding="UTF-8"?>
<!-- Generated by org.testng.reporters.JUnitXMLReporter -->
<testsuite hostname="Loveleen-PC" ignored="1" name="Test" tests="6" failures="0" timestamp="11 Jun 2020 15:17:00 GMT" time="59.582" errors="0">
  <testcase name="verifyLoginPageTitleTest" time="0.212" classname="com.qa.hubspot.tests.LoginPageTest"/>
  <testcase name="checkSignUplinkdisplayTest" time="0.332" classname="com.qa.hubspot.tests.LoginPageTest"/>
  <testcase name="checkshowpassworddisplayTest" time="0.177" classname="com.qa.hubspot.tests.LoginPageTest"/>
  <testcase name="checkforgetlinkdisplayTest" time="0.125" classname="com.qa.hubspot.tests.LoginPageTest"/>
  <testcase name="checkremembertextdisplayTest" time="0.125" classname="com.qa.hubspot.tests.LoginPageTest"/>
  <testcase name="loginTest" time="24.176" classname="com.qa.hubspot.tests.LoginPageTest"/>
  <testcase name="clickRemembermecheckBox" time="0.0" classname="com.qa.hubspot.tests.LoginPageTest">
    <ignored/>
  </testcase> <!-- clickRemembermecheckBox -->
</testsuite> <!-- Test -->
